<?xml version="1.0" encoding="UTF-8"?>
<testng-results skipped="0" failed="1" ignored="0" total="4" passed="3">
  <reporter-output>
  </reporter-output>
  <suite name="Default suite" duration-ms="10566" started-at="2018-06-27T12:55:42Z" finished-at="2018-06-27T12:55:52Z">
    <groups>
    </groups>
    <test name="Default test" duration-ms="10566" started-at="2018-06-27T12:55:42Z" finished-at="2018-06-27T12:55:52Z">
      <class name="ToolsQA.com.qait.TestTATOC">
        <test-method status="PASS" signature="open()[pri:0, instance:ToolsQA.com.qait.TestTATOC@1282abb]" name="open" is-config="true" duration-ms="5375" started-at="2018-06-27T12:55:42Z" finished-at="2018-06-27T12:55:47Z">
          <reporter-output>
          </reporter-output>
        </test-method> <!-- open -->
        <test-method status="PASS" signature="TC_01_laucnhURL()[pri:0, instance:ToolsQA.com.qait.TestTATOC@1282abb]" name="TC_01_laucnhURL" duration-ms="506" started-at="2018-06-27T12:55:47Z" finished-at="2018-06-27T12:55:48Z">
          <reporter-output>
          </reporter-output>
        </test-method> <!-- TC_01_laucnhURL -->
        <test-method status="PASS" signature="TC_02_BasicCourseVerify()[pri:0, instance:ToolsQA.com.qait.TestTATOC@1282abb]" name="TC_02_BasicCourseVerify" duration-ms="3220" started-at="2018-06-27T12:55:48Z" finished-at="2018-06-27T12:55:51Z">
          <reporter-output>
          </reporter-output>
        </test-method> <!-- TC_02_BasicCourseVerify -->
        <test-method status="PASS" signature="TC_03_GreenBoxClickVerify()[pri:0, instance:ToolsQA.com.qait.TestTATOC@1282abb]" name="TC_03_GreenBoxClickVerify" duration-ms="337" started-at="2018-06-27T12:55:51Z" finished-at="2018-06-27T12:55:51Z">
          <reporter-output>
          </reporter-output>
        </test-method> <!-- TC_03_GreenBoxClickVerify -->
        <test-method status="FAIL" signature="TC_04_RepaintBoxVerify()[pri:0, instance:ToolsQA.com.qait.TestTATOC@1282abb]" name="TC_04_RepaintBoxVerify" duration-ms="1082" started-at="2018-06-27T12:55:51Z" finished-at="2018-06-27T12:55:52Z">
          <exception class="java.lang.AssertionError">
            <message>
              <![CDATA[expected [http://10.0.1.86/tatoc/basic/drag] but found [http://10.0.1.86/tatoc/basic/frame/dungeon]]]>
            </message>
            <full-stacktrace>
              <![CDATA[java.lang.AssertionError: expected [http://10.0.1.86/tatoc/basic/drag] but found [http://10.0.1.86/tatoc/basic/frame/dungeon]
at org.testng.Assert.fail(Assert.java:96)
at org.testng.Assert.failNotEquals(Assert.java:776)
at org.testng.Assert.assertEqualsImpl(Assert.java:137)
at org.testng.Assert.assertEquals(Assert.java:118)
at org.testng.Assert.assertEquals(Assert.java:453)
at org.testng.Assert.assertEquals(Assert.java:463)
at ToolsQA.com.qait.Action.verifyPageAfterRepaint(Action.java:82)
at ToolsQA.com.qait.TestTATOC.TC_04_RepaintBoxVerify(TestTATOC.java:42)
at sun.reflect.NativeMethodAccessorImpl.invoke0(Native Method)
at sun.reflect.NativeMethodAccessorImpl.invoke(Unknown Source)
at sun.reflect.DelegatingMethodAccessorImpl.invoke(Unknown Source)
at java.lang.reflect.Method.invoke(Unknown Source)
at org.testng.internal.MethodInvocationHelper.invokeMethod(MethodInvocationHelper.java:124)
at org.testng.internal.Invoker.invokeMethod(Invoker.java:580)
at org.testng.internal.Invoker.invokeTestMethod(Invoker.java:716)
at org.testng.internal.Invoker.invokeTestMethods(Invoker.java:988)
at org.testng.internal.TestMethodWorker.invokeTestMethods(TestMethodWorker.java:125)
at org.testng.internal.TestMethodWorker.run(TestMethodWorker.java:109)
at org.testng.TestRunner.privateRun(TestRunner.java:648)
at org.testng.TestRunner.run(TestRunner.java:505)
at org.testng.SuiteRunner.runTest(SuiteRunner.java:455)
at org.testng.SuiteRunner.runSequentially(SuiteRunner.java:450)
at org.testng.SuiteRunner.privateRun(SuiteRunner.java:415)
at org.testng.SuiteRunner.run(SuiteRunner.java:364)
at org.testng.SuiteRunnerWorker.runSuite(SuiteRunnerWorker.java:52)
at org.testng.SuiteRunnerWorker.run(SuiteRunnerWorker.java:84)
at org.testng.TestNG.runSuitesSequentially(TestNG.java:1208)
at org.testng.TestNG.runSuitesLocally(TestNG.java:1137)
at org.testng.TestNG.runSuites(TestNG.java:1049)
at org.testng.TestNG.run(TestNG.java:1017)
at org.testng.remote.AbstractRemoteTestNG.run(AbstractRemoteTestNG.java:114)
at org.testng.remote.RemoteTestNG.initAndRun(RemoteTestNG.java:251)
at org.testng.remote.RemoteTestNG.main(RemoteTestNG.java:77)
]]>
            </full-stacktrace>
          </exception> <!-- java.lang.AssertionError -->
          <reporter-output>
          </reporter-output>
        </test-method> <!-- TC_04_RepaintBoxVerify -->
      </class> <!-- ToolsQA.com.qait.TestTATOC -->
    </test> <!-- Default test -->
  </suite> <!-- Default suite -->
</testng-results>
