<?xml version="1.0" encoding="UTF-8"?>
<!-- Generated by org.testng.reporters.JUnitReportReporter -->
<testsuite skipped="0" hostname="HPDB0154" name="ToolsQA.com.qait.TestTATOC" tests="4" failures="1" timestamp="27 Jun 2018 12:55:53 GMT" time="5.145" errors="0">
  <testcase name="TC_02_BasicCourseVerify" time="3.220" classname="ToolsQA.com.qait.TestTATOC"/>
  <testcase name="TC_01_laucnhURL" time="0.506" classname="ToolsQA.com.qait.TestTATOC"/>
  <testcase name="TC_04_RepaintBoxVerify" time="1.082" classname="ToolsQA.com.qait.TestTATOC">
    <failure type="java.lang.AssertionError" message="expected [http://10.0.1.86/tatoc/basic/drag] but found [http://10.0.1.86/tatoc/basic/frame/dungeon]">
      <![CDATA[java.lang.AssertionError: expected [http://10.0.1.86/tatoc/basic/drag] but found [http://10.0.1.86/tatoc/basic/frame/dungeon]
at org.testng.Assert.fail(Assert.java:96)
at org.testng.Assert.failNotEquals(Assert.java:776)
at org.testng.Assert.assertEqualsImpl(Assert.java:137)
at org.testng.Assert.assertEquals(Assert.java:118)
at org.testng.Assert.assertEquals(Assert.java:453)
at org.testng.Assert.assertEquals(Assert.java:463)
at ToolsQA.com.qait.Action.verifyPageAfterRepaint(Action.java:82)
at ToolsQA.com.qait.TestTATOC.TC_04_RepaintBoxVerify(TestTATOC.java:42)
at sun.reflect.NativeMethodAccessorImpl.invoke0(Native Method)
at sun.reflect.NativeMethodAccessorImpl.invoke(Unknown Source)
at sun.reflect.DelegatingMethodAccessorImpl.invoke(Unknown Source)
at java.lang.reflect.Method.invoke(Unknown Source)
at org.testng.internal.MethodInvocationHelper.invokeMethod(MethodInvocationHelper.java:124)
at org.testng.internal.Invoker.invokeMethod(Invoker.java:580)
at org.testng.internal.Invoker.invokeTestMethod(Invoker.java:716)
at org.testng.internal.Invoker.invokeTestMethods(Invoker.java:988)
at org.testng.internal.TestMethodWorker.invokeTestMethods(TestMethodWorker.java:125)
at org.testng.internal.TestMethodWorker.run(TestMethodWorker.java:109)
at org.testng.TestRunner.privateRun(TestRunner.java:648)
at org.testng.TestRunner.run(TestRunner.java:505)
at org.testng.SuiteRunner.runTest(SuiteRunner.java:455)
at org.testng.SuiteRunner.runSequentially(SuiteRunner.java:450)
at org.testng.SuiteRunner.privateRun(SuiteRunner.java:415)
at org.testng.SuiteRunner.run(SuiteRunner.java:364)
at org.testng.SuiteRunnerWorker.runSuite(SuiteRunnerWorker.java:52)
at org.testng.SuiteRunnerWorker.run(SuiteRunnerWorker.java:84)
at org.testng.TestNG.runSuitesSequentially(TestNG.java:1208)
at org.testng.TestNG.runSuitesLocally(TestNG.java:1137)
at org.testng.TestNG.runSuites(TestNG.java:1049)
at org.testng.TestNG.run(TestNG.java:1017)
at org.testng.remote.AbstractRemoteTestNG.run(AbstractRemoteTestNG.java:114)
at org.testng.remote.RemoteTestNG.initAndRun(RemoteTestNG.java:251)
at org.testng.remote.RemoteTestNG.main(RemoteTestNG.java:77)
]]>
    </failure>
  </testcase> <!-- TC_04_RepaintBoxVerify -->
  <testcase name="TC_03_GreenBoxClickVerify" time="0.337" classname="ToolsQA.com.qait.TestTATOC"/>
</testsuite> <!-- ToolsQA.com.qait.TestTATOC -->
